<?xml version="1.0" encoding="UTF-8"?>
<testsuite name="org.asni.auth.infrastructure.web.AuthControllerIT" tests="5" skipped="0" failures="0" errors="0" timestamp="2026-05-27T13:34:23.573Z" hostname="MacBook-Pro.local" time="0.689">
  <properties/>
  <testcase name="login_withValidCredentials_returns200AndToken()" classname="org.asni.auth.infrastructure.web.AuthControllerIT" time="0.341"/>
  <testcase name="login_withMissingFields_returns400()" classname="org.asni.auth.infrastructure.web.AuthControllerIT" time="0.022"/>
  <testcase name="validateToken_withValidToken_returns200()" classname="org.asni.auth.infrastructure.web.AuthControllerIT" time="0.118"/>
  <testcase name="login_withWrongPassword_returns401()" classname="org.asni.auth.infrastructure.web.AuthControllerIT" time="0.094"/>
  <testcase name="logout_invalidatesToken()" classname="org.asni.auth.infrastructure.web.AuthControllerIT" time="0.114"/>
  <system-out><![CDATA[2026-05-27T16:34:21.042+03:00  INFO 3913 --- [auth-service] [    Test worker] t.c.s.AnnotationConfigContextLoaderUtils : Could not detect default configuration classes for test class [org.asni.auth.infrastructure.web.AuthControllerIT]: AuthControllerIT does not declare any static, non-private, non-final, nested classes annotated with @Configuration.
2026-05-27T16:34:21.049+03:00  INFO 3913 --- [auth-service] [    Test worker] .b.t.c.SpringBootTestContextBootstrapper : Found @SpringBootConfiguration org.asni.auth.AuthServiceApplication for test class org.asni.auth.infrastructure.web.AuthControllerIT

  .   ____          _            __ _ _
 /\\ / ___'_ __ _ _(_)_ __  __ _ \ \ \ \
( ( )\___ | '_ | '_| | '_ \/ _` | \ \ \ \
 \\/  ___)| |_)| | | | | || (_| |  ) ) ) )
  '  |____| .__|_| |_|_| |_\__, | / / / /
 =========|_|==============|___/=/_/_/_/

 :: Spring Boot ::                (v3.4.1)

2026-05-27T16:34:21.065+03:00  INFO 3913 --- [auth-service] [    Test worker] o.a.a.i.web.AuthControllerIT             : Starting AuthControllerIT using Java 21.0.9 with PID 3913 (started by kmuradoff in /Users/kmuradoff/Documents/diplom_anton/anton/auth-service)
2026-05-27T16:34:21.065+03:00  INFO 3913 --- [auth-service] [    Test worker] o.a.a.i.web.AuthControllerIT             : No active profile set, falling back to 1 default profile: "default"
2026-05-27T16:34:21.261+03:00  INFO 3913 --- [auth-service] [    Test worker] .s.d.r.c.RepositoryConfigurationDelegate : Multiple Spring Data modules found, entering strict repository configuration mode
2026-05-27T16:34:21.261+03:00  INFO 3913 --- [auth-service] [    Test worker] .s.d.r.c.RepositoryConfigurationDelegate : Bootstrapping Spring Data JPA repositories in DEFAULT mode.
2026-05-27T16:34:21.267+03:00  INFO 3913 --- [auth-service] [    Test worker] .s.d.r.c.RepositoryConfigurationDelegate : Finished Spring Data repository scanning in 5 ms. Found 1 JPA repository interface.
2026-05-27T16:34:21.268+03:00  INFO 3913 --- [auth-service] [    Test worker] .s.d.r.c.RepositoryConfigurationDelegate : Multiple Spring Data modules found, entering strict repository configuration mode
2026-05-27T16:34:21.268+03:00  INFO 3913 --- [auth-service] [    Test worker] .s.d.r.c.RepositoryConfigurationDelegate : Bootstrapping Spring Data Redis repositories in DEFAULT mode.
2026-05-27T16:34:21.270+03:00  INFO 3913 --- [auth-service] [    Test worker] .RepositoryConfigurationExtensionSupport : Spring Data Redis - Could not safely identify store assignment for repository candidate interface org.asni.auth.infrastructure.persistence.UserJpaRepository; If you want this repository to be a Redis repository, consider annotating your entities with one of these annotations: org.springframework.data.redis.core.RedisHash (preferred), or consider extending one of the following types with your repository: org.springframework.data.keyvalue.repository.KeyValueRepository
2026-05-27T16:34:21.270+03:00  INFO 3913 --- [auth-service] [    Test worker] .s.d.r.c.RepositoryConfigurationDelegate : Finished Spring Data repository scanning in 1 ms. Found 0 Redis repository interfaces.
2026-05-27T16:34:21.435+03:00  INFO 3913 --- [auth-service] [    Test worker] o.s.b.w.embedded.tomcat.TomcatWebServer  : Tomcat initialized with port 0 (http)
2026-05-27T16:34:21.443+03:00  INFO 3913 --- [auth-service] [    Test worker] o.apache.catalina.core.StandardService   : Starting service [Tomcat]
2026-05-27T16:34:21.443+03:00  INFO 3913 --- [auth-service] [    Test worker] o.apache.catalina.core.StandardEngine    : Starting Servlet engine: [Apache Tomcat/10.1.34]
2026-05-27T16:34:21.474+03:00  INFO 3913 --- [auth-service] [    Test worker] o.a.c.c.C.[Tomcat].[localhost].[/]       : Initializing Spring embedded WebApplicationContext
2026-05-27T16:34:21.474+03:00  INFO 3913 --- [auth-service] [    Test worker] w.s.c.ServletWebServerApplicationContext : Root WebApplicationContext: initialization completed in 409 ms
2026-05-27T16:34:21.529+03:00  INFO 3913 --- [auth-service] [    Test worker] tc.postgres:16-alpine                    : Creating container for image: postgres:16-alpine
2026-05-27T16:34:21.568+03:00  INFO 3913 --- [auth-service] [    Test worker] tc.postgres:16-alpine                    : Container postgres:16-alpine is starting: ddfb8f31ee95a0a176a8a8f1717d55e45418bf7976feb60986daa7ee01d01d02
2026-05-27T16:34:22.403+03:00  INFO 3913 --- [auth-service] [    Test worker] tc.postgres:16-alpine                    : Container postgres:16-alpine started in PT0.87374S
2026-05-27T16:34:22.403+03:00  INFO 3913 --- [auth-service] [    Test worker] tc.postgres:16-alpine                    : Container is started (JDBC URL: jdbc:postgresql://localhost:54537/test?loggerLevel=OFF)
2026-05-27T16:34:22.403+03:00  INFO 3913 --- [auth-service] [    Test worker] tc.redis:7-alpine                        : Creating container for image: redis:7-alpine
2026-05-27T16:34:22.448+03:00  INFO 3913 --- [auth-service] [    Test worker] tc.redis:7-alpine                        : Container redis:7-alpine is starting: 7e8bb0d7190ddf5fe764b71c8120fb44ecf3bada54b4b67df0105cb69a3bbc64
2026-05-27T16:34:22.636+03:00  INFO 3913 --- [auth-service] [    Test worker] tc.redis:7-alpine                        : Container redis:7-alpine started in PT0.232286S
2026-05-27T16:34:22.788+03:00  INFO 3913 --- [auth-service] [    Test worker] org.flywaydb.core.FlywayExecutor         : Database: jdbc:postgresql://localhost:54537/test?loggerLevel=OFF (PostgreSQL 16.14)
2026-05-27T16:34:22.798+03:00  INFO 3913 --- [auth-service] [    Test worker] o.f.c.i.s.JdbcTableSchemaHistory         : Schema history table "public"."flyway_schema_history" does not exist yet
2026-05-27T16:34:22.799+03:00  INFO 3913 --- [auth-service] [    Test worker] o.f.core.internal.command.DbValidate     : Successfully validated 1 migration (execution time 00:00.003s)
2026-05-27T16:34:22.806+03:00  INFO 3913 --- [auth-service] [    Test worker] o.f.c.i.s.JdbcTableSchemaHistory         : Creating Schema History table "public"."flyway_schema_history" ...
2026-05-27T16:34:22.822+03:00  INFO 3913 --- [auth-service] [    Test worker] o.f.core.internal.command.DbMigrate      : Current version of schema "public": << Empty Schema >>
2026-05-27T16:34:22.825+03:00  INFO 3913 --- [auth-service] [    Test worker] o.f.core.internal.command.DbMigrate      : Migrating schema "public" to version "1 - create users table"
2026-05-27T16:34:22.837+03:00  INFO 3913 --- [auth-service] [    Test worker] o.f.core.internal.command.DbMigrate      : Successfully applied 1 migration to schema "public", now at version v1 (execution time 00:00.008s)
2026-05-27T16:34:22.852+03:00  INFO 3913 --- [auth-service] [    Test worker] o.hibernate.jpa.internal.util.LogHelper  : HHH000204: Processing PersistenceUnitInfo [name: default]
2026-05-27T16:34:22.853+03:00  INFO 3913 --- [auth-service] [    Test worker] o.h.c.internal.RegionFactoryInitiator    : HHH000026: Second-level cache disabled
2026-05-27T16:34:22.857+03:00  INFO 3913 --- [auth-service] [    Test worker] o.s.o.j.p.SpringPersistenceUnitInfo      : No LoadTimeWeaver setup: ignoring JPA class transformer
2026-05-27T16:34:22.857+03:00  INFO 3913 --- [auth-service] [    Test worker] com.zaxxer.hikari.HikariDataSource       : HikariPool-3 - Starting...
2026-05-27T16:34:22.863+03:00  INFO 3913 --- [auth-service] [    Test worker] com.zaxxer.hikari.pool.HikariPool        : HikariPool-3 - Added connection org.postgresql.jdbc.PgConnection@d5ec8e7
2026-05-27T16:34:22.863+03:00  INFO 3913 --- [auth-service] [    Test worker] com.zaxxer.hikari.HikariDataSource       : HikariPool-3 - Start completed.
2026-05-27T16:34:22.867+03:00  INFO 3913 --- [auth-service] [    Test worker] org.hibernate.orm.connections.pooling    : HHH10001005: Database info:
	Database JDBC URL [Connecting through datasource 'HikariDataSource (HikariPool-3)']
	Database driver: undefined/unknown
	Database version: 16.14
	Autocommit mode: undefined/unknown
	Isolation level: undefined/unknown
	Minimum pool size: undefined/unknown
	Maximum pool size: undefined/unknown
2026-05-27T16:34:22.884+03:00  INFO 3913 --- [auth-service] [    Test worker] o.h.e.t.j.p.i.JtaPlatformInitiator       : HHH000489: No JTA platform available (set 'hibernate.transaction.jta.platform' to enable JTA platform integration)
2026-05-27T16:34:22.894+03:00  INFO 3913 --- [auth-service] [    Test worker] j.LocalContainerEntityManagerFactoryBean : Initialized JPA EntityManagerFactory for persistence unit 'default'
2026-05-27T16:34:22.997+03:00  WARN 3913 --- [auth-service] [    Test worker] .s.s.UserDetailsServiceAutoConfiguration : 

Using generated security password: 857226bc-9ed5-4afe-acc9-64985dfdd300

This generated password is for development use only. Your security configuration must be updated before running your application in production.

2026-05-27T16:34:22.999+03:00  INFO 3913 --- [auth-service] [    Test worker] r$InitializeUserDetailsManagerConfigurer : Global AuthenticationManager configured with UserDetailsService bean with name inMemoryUserDetailsManager
2026-05-27T16:34:23.143+03:00  INFO 3913 --- [auth-service] [    Test worker] o.s.b.a.e.web.EndpointLinksResolver      : Exposing 1 endpoint beneath base path '/actuator'
2026-05-27T16:34:23.440+03:00  INFO 3913 --- [auth-service] [    Test worker] o.s.b.w.embedded.tomcat.TomcatWebServer  : Tomcat started on port 54557 (http) with context path '/'
2026-05-27T16:34:23.444+03:00  INFO 3913 --- [auth-service] [    Test worker] o.a.a.i.web.AuthControllerIT             : Started AuthControllerIT in 2.393 seconds (process running for 9.717)
2026-05-27T16:34:23.735+03:00  INFO 3913 --- [auth-service] [o-auto-1-exec-1] o.a.c.c.C.[Tomcat].[localhost].[/]       : Initializing Spring DispatcherServlet 'dispatcherServlet'
2026-05-27T16:34:23.735+03:00  INFO 3913 --- [auth-service] [o-auto-1-exec-1] o.s.web.servlet.DispatcherServlet        : Initializing Servlet 'dispatcherServlet'
2026-05-27T16:34:23.736+03:00  INFO 3913 --- [auth-service] [o-auto-1-exec-1] o.s.web.servlet.DispatcherServlet        : Completed initialization in 1 ms
]]></system-out>
  <system-err><![CDATA[]]></system-err>
</testsuite>
