<?xml version="1.0" encoding="UTF-8"?>
<testsuite name="org.asni.auth.application.UserServiceTest" tests="8" skipped="0" failures="0" errors="0" timestamp="2026-05-27T13:34:14.717Z" hostname="MacBook-Pro.local" time="0.018">
  <properties/>
  <testcase name="findAll_returnsList()" classname="org.asni.auth.application.UserServiceTest" time="0.004"/>
  <testcase name="createUser_withDuplicateUsername_throwsConflict()" classname="org.asni.auth.application.UserServiceTest" time="0.003"/>
  <testcase name="findById_withMissingId_throwsNotFound()" classname="org.asni.auth.application.UserServiceTest" time="0.001"/>
  <testcase name="createUser_withDuplicateEmail_throwsConflict()" classname="org.asni.auth.application.UserServiceTest" time="0.002"/>
  <testcase name="createUser_withUniqueData_savesAndReturns()" classname="org.asni.auth.application.UserServiceTest" time="0.002"/>
  <testcase name="delete_withMissingId_throwsNotFound()" classname="org.asni.auth.application.UserServiceTest" time="0.001"/>
  <testcase name="update_changesRoleAndDeactivates()" classname="org.asni.auth.application.UserServiceTest" time="0.001"/>
  <testcase name="findById_withExistingId_returnsUser()" classname="org.asni.auth.application.UserServiceTest" time="0.001"/>
  <system-out><![CDATA[]]></system-out>
  <system-err><![CDATA[]]></system-err>
</testsuite>
