<?xml version="1.0" encoding="UTF-8"?>
<testsuite name="org.asni.auth.infrastructure.cache.RedisTokenBlacklistAdapterIT" tests="2" skipped="0" failures="0" errors="0" timestamp="2026-05-27T13:34:19.415Z" hostname="MacBook-Pro.local" time="0.205">
  <properties/>
  <testcase name="blacklist_andCheck_returnsTrue()" classname="org.asni.auth.infrastructure.cache.RedisTokenBlacklistAdapterIT" time="0.201"/>
  <testcase name="tokenNotBlacklisted_returnsFalse()" classname="org.asni.auth.infrastructure.cache.RedisTokenBlacklistAdapterIT" time="0.003"/>
  <system-out><![CDATA[16:34:14.811 [Test worker] INFO org.springframework.test.context.support.AnnotationConfigContextLoaderUtils -- Could not detect default configuration classes for test class [org.asni.auth.infrastructure.cache.RedisTokenBlacklistAdapterIT]: RedisTokenBlacklistAdapterIT does not declare any static, non-private, non-final, nested classes annotated with @Configuration.
16:34:14.877 [Test worker] INFO org.springframework.boot.test.context.SpringBootTestContextBootstrapper -- Found @SpringBootConfiguration org.asni.auth.AuthServiceApplication for test class org.asni.auth.infrastructure.cache.RedisTokenBlacklistAdapterIT

  .   ____          _            __ _ _
 /\\ / ___'_ __ _ _(_)_ __  __ _ \ \ \ \
( ( )\___ | '_ | '_| | '_ \/ _` | \ \ \ \
 \\/  ___)| |_)| | | | | || (_| |  ) ) ) )
  '  |____| .__|_| |_|_| |_\__, | / / / /
 =========|_|==============|___/=/_/_/_/

 :: Spring Boot ::                (v3.4.1)

2026-05-27T16:34:15.069+03:00  INFO 3913 --- [auth-service] [    Test worker] o.a.a.i.c.RedisTokenBlacklistAdapterIT   : Starting RedisTokenBlacklistAdapterIT using Java 21.0.9 with PID 3913 (started by kmuradoff in /Users/kmuradoff/Documents/diplom_anton/anton/auth-service)
2026-05-27T16:34:15.070+03:00  INFO 3913 --- [auth-service] [    Test worker] o.a.a.i.c.RedisTokenBlacklistAdapterIT   : No active profile set, falling back to 1 default profile: "default"
2026-05-27T16:34:15.495+03:00  INFO 3913 --- [auth-service] [    Test worker] .s.d.r.c.RepositoryConfigurationDelegate : Multiple Spring Data modules found, entering strict repository configuration mode
2026-05-27T16:34:15.496+03:00  INFO 3913 --- [auth-service] [    Test worker] .s.d.r.c.RepositoryConfigurationDelegate : Bootstrapping Spring Data JPA repositories in DEFAULT mode.
2026-05-27T16:34:15.575+03:00  INFO 3913 --- [auth-service] [    Test worker] .s.d.r.c.RepositoryConfigurationDelegate : Finished Spring Data repository scanning in 72 ms. Found 1 JPA repository interface.
2026-05-27T16:34:15.583+03:00  INFO 3913 --- [auth-service] [    Test worker] .s.d.r.c.RepositoryConfigurationDelegate : Multiple Spring Data modules found, entering strict repository configuration mode
2026-05-27T16:34:15.583+03:00  INFO 3913 --- [auth-service] [    Test worker] .s.d.r.c.RepositoryConfigurationDelegate : Bootstrapping Spring Data Redis repositories in DEFAULT mode.
2026-05-27T16:34:15.591+03:00  INFO 3913 --- [auth-service] [    Test worker] .RepositoryConfigurationExtensionSupport : Spring Data Redis - Could not safely identify store assignment for repository candidate interface org.asni.auth.infrastructure.persistence.UserJpaRepository; If you want this repository to be a Redis repository, consider annotating your entities with one of these annotations: org.springframework.data.redis.core.RedisHash (preferred), or consider extending one of the following types with your repository: org.springframework.data.keyvalue.repository.KeyValueRepository
2026-05-27T16:34:15.592+03:00  INFO 3913 --- [auth-service] [    Test worker] .s.d.r.c.RepositoryConfigurationDelegate : Finished Spring Data repository scanning in 4 ms. Found 0 Redis repository interfaces.
2026-05-27T16:34:15.887+03:00  INFO 3913 --- [auth-service] [    Test worker] org.testcontainers.images.PullPolicy     : Image pull policy will be performed by: DefaultPullPolicy()
2026-05-27T16:34:15.889+03:00  INFO 3913 --- [auth-service] [    Test worker] o.t.utility.ImageNameSubstitutor         : Image name substitution will be performed by: DefaultImageNameSubstitutor (composite of 'ConfigurationFileImageNameSubstitutor' and 'PrefixingImageNameSubstitutor')
2026-05-27T16:34:15.920+03:00  INFO 3913 --- [auth-service] [    Test worker] org.testcontainers.DockerClientFactory   : Testcontainers version: 1.21.0
2026-05-27T16:34:16.015+03:00  INFO 3913 --- [auth-service] [    Test worker] o.t.d.DockerClientProviderStrategy       : Loaded org.asni.auth.HttpClientDockerProviderStrategy from ~/.testcontainers.properties, will try it first
2026-05-27T16:34:16.189+03:00  INFO 3913 --- [auth-service] [    Test worker] o.t.d.DockerClientProviderStrategy       : Found Docker environment with Java unix socket (no dependencies)
2026-05-27T16:34:16.190+03:00  INFO 3913 --- [auth-service] [    Test worker] org.testcontainers.DockerClientFactory   : Docker host IP address is localhost
2026-05-27T16:34:16.203+03:00  INFO 3913 --- [auth-service] [    Test worker] org.testcontainers.DockerClientFactory   : Connected to docker: 
  Server Version: 29.2.1
  API Version: 1.53
  Operating System: Docker Desktop
  Total Memory: 7836 MB
  Labels: 
    com.docker.desktop.address=unix:///Users/kmuradoff/Library/Containers/com.docker.docker/Data/docker-cli.sock
2026-05-27T16:34:16.204+03:00  WARN 3913 --- [auth-service] [    Test worker] o.testcontainers.utility.ResourceReaper  : 
********************************************************************************
Ryuk has been disabled. This can cause unexpected behavior in your environment.
********************************************************************************
2026-05-27T16:34:16.206+03:00  INFO 3913 --- [auth-service] [    Test worker] org.testcontainers.DockerClientFactory   : Checking the system...
2026-05-27T16:34:16.206+03:00  INFO 3913 --- [auth-service] [    Test worker] org.testcontainers.DockerClientFactory   : ✔︎ Docker server version should be at least 1.6.0
2026-05-27T16:34:16.341+03:00  INFO 3913 --- [auth-service] [    Test worker] tc.redis:7-alpine                        : Creating container for image: redis:7-alpine
2026-05-27T16:34:16.407+03:00  INFO 3913 --- [auth-service] [    Test worker] tc.redis:7-alpine                        : Container redis:7-alpine is starting: d92d3cc039ca02052c187aa786fa39f3786a37ed8099105460e036decea3570d
2026-05-27T16:34:16.606+03:00  INFO 3913 --- [auth-service] [    Test worker] tc.redis:7-alpine                        : Container redis:7-alpine started in PT0.264857S
2026-05-27T16:34:16.606+03:00  INFO 3913 --- [auth-service] [    Test worker] tc.postgres:16-alpine                    : Creating container for image: postgres:16-alpine
2026-05-27T16:34:16.643+03:00  INFO 3913 --- [auth-service] [    Test worker] tc.postgres:16-alpine                    : Container postgres:16-alpine is starting: e71a154709498629ff5beed4eb025828f9ac3ca178e87ae147e35ac5a39f898a
2026-05-27T16:34:17.449+03:00  INFO 3913 --- [auth-service] [    Test worker] tc.postgres:16-alpine                    : Container postgres:16-alpine started in PT0.84296S
2026-05-27T16:34:17.452+03:00  INFO 3913 --- [auth-service] [    Test worker] tc.postgres:16-alpine                    : Container is started (JDBC URL: jdbc:postgresql://localhost:54507/test?loggerLevel=OFF)
2026-05-27T16:34:17.690+03:00  INFO 3913 --- [auth-service] [    Test worker] org.flywaydb.core.FlywayExecutor         : Database: jdbc:postgresql://localhost:54507/test?loggerLevel=OFF (PostgreSQL 16.14)
2026-05-27T16:34:17.719+03:00  INFO 3913 --- [auth-service] [    Test worker] o.f.c.i.s.JdbcTableSchemaHistory         : Schema history table "public"."flyway_schema_history" does not exist yet
2026-05-27T16:34:17.721+03:00  INFO 3913 --- [auth-service] [    Test worker] o.f.core.internal.command.DbValidate     : Successfully validated 1 migration (execution time 00:00.011s)
2026-05-27T16:34:17.731+03:00  INFO 3913 --- [auth-service] [    Test worker] o.f.c.i.s.JdbcTableSchemaHistory         : Creating Schema History table "public"."flyway_schema_history" ...
2026-05-27T16:34:17.783+03:00  INFO 3913 --- [auth-service] [    Test worker] o.f.core.internal.command.DbMigrate      : Current version of schema "public": << Empty Schema >>
2026-05-27T16:34:17.788+03:00  INFO 3913 --- [auth-service] [    Test worker] o.f.core.internal.command.DbMigrate      : Migrating schema "public" to version "1 - create users table"
2026-05-27T16:34:17.805+03:00  INFO 3913 --- [auth-service] [    Test worker] o.f.core.internal.command.DbMigrate      : Successfully applied 1 migration to schema "public", now at version v1 (execution time 00:00.008s)
2026-05-27T16:34:17.853+03:00  INFO 3913 --- [auth-service] [    Test worker] o.hibernate.jpa.internal.util.LogHelper  : HHH000204: Processing PersistenceUnitInfo [name: default]
2026-05-27T16:34:17.880+03:00  INFO 3913 --- [auth-service] [    Test worker] org.hibernate.Version                    : HHH000412: Hibernate ORM core version 6.6.4.Final
2026-05-27T16:34:17.895+03:00  INFO 3913 --- [auth-service] [    Test worker] o.h.c.internal.RegionFactoryInitiator    : HHH000026: Second-level cache disabled
2026-05-27T16:34:17.949+03:00  INFO 3913 --- [auth-service] [    Test worker] o.s.o.j.p.SpringPersistenceUnitInfo      : No LoadTimeWeaver setup: ignoring JPA class transformer
2026-05-27T16:34:17.964+03:00  INFO 3913 --- [auth-service] [    Test worker] com.zaxxer.hikari.HikariDataSource       : HikariPool-1 - Starting...
2026-05-27T16:34:17.983+03:00  INFO 3913 --- [auth-service] [    Test worker] com.zaxxer.hikari.pool.HikariPool        : HikariPool-1 - Added connection org.postgresql.jdbc.PgConnection@22ab3e3b
2026-05-27T16:34:17.984+03:00  INFO 3913 --- [auth-service] [    Test worker] com.zaxxer.hikari.HikariDataSource       : HikariPool-1 - Start completed.
2026-05-27T16:34:18.020+03:00  INFO 3913 --- [auth-service] [    Test worker] org.hibernate.orm.connections.pooling    : HHH10001005: Database info:
	Database JDBC URL [Connecting through datasource 'HikariDataSource (HikariPool-1)']
	Database driver: undefined/unknown
	Database version: 16.14
	Autocommit mode: undefined/unknown
	Isolation level: undefined/unknown
	Minimum pool size: undefined/unknown
	Maximum pool size: undefined/unknown
2026-05-27T16:34:18.343+03:00  INFO 3913 --- [auth-service] [    Test worker] o.h.e.t.j.p.i.JtaPlatformInitiator       : HHH000489: No JTA platform available (set 'hibernate.transaction.jta.platform' to enable JTA platform integration)
2026-05-27T16:34:18.364+03:00  INFO 3913 --- [auth-service] [    Test worker] j.LocalContainerEntityManagerFactoryBean : Initialized JPA EntityManagerFactory for persistence unit 'default'
2026-05-27T16:34:19.228+03:00  INFO 3913 --- [auth-service] [    Test worker] o.a.a.i.c.RedisTokenBlacklistAdapterIT   : Started RedisTokenBlacklistAdapterIT in 4.294 seconds (process running for 5.5)
]]></system-out>
  <system-err><![CDATA[]]></system-err>
</testsuite>
