<?xml version="1.0" encoding="UTF-8"?>
<testsuite name="org.asni.auth.application.AuthServiceTest" tests="7" skipped="0" failures="0" errors="0" timestamp="2026-05-27T13:34:14.091Z" hostname="MacBook-Pro.local" time="0.623">
  <properties/>
  <testcase name="login_withInactiveUser_throwsInvalidCredentials()" classname="org.asni.auth.application.AuthServiceTest" time="0.6"/>
  <testcase name="logout_withInvalidToken_doesNothing()" classname="org.asni.auth.application.AuthServiceTest" time="0.004"/>
  <testcase name="logout_withValidToken_blacklistsIt()" classname="org.asni.auth.application.AuthServiceTest" time="0.003"/>
  <testcase name="login_withValidCredentials_returnsToken()" classname="org.asni.auth.application.AuthServiceTest" time="0.004"/>
  <testcase name="login_withUnknownUsername_throwsInvalidCredentials()" classname="org.asni.auth.application.AuthServiceTest" time="0.002"/>
  <testcase name="login_withWrongPassword_throwsInvalidCredentials()" classname="org.asni.auth.application.AuthServiceTest" time="0.002"/>
  <testcase name="validateToken_withBlacklistedToken_throwsInvalidCredentials()" classname="org.asni.auth.application.AuthServiceTest" time="0.003"/>
  <system-out><![CDATA[]]></system-out>
  <system-err><![CDATA[Mockito is currently self-attaching to enable the inline-mock-maker. This will no longer work in future releases of the JDK. Please add Mockito as an agent to your build what is described in Mockito's documentation: https://javadoc.io/doc/org.mockito/mockito-core/latest/org/mockito/Mockito.html#0.3
WARNING: A Java agent has been loaded dynamically (/Users/kmuradoff/.gradle/caches/modules-2/files-2.1/net.bytebuddy/byte-buddy-agent/1.15.11/a38b16385e867f59a641330f0362ebe742788ed8/byte-buddy-agent-1.15.11.jar)
WARNING: If a serviceability tool is in use, please run with -XX:+EnableDynamicAgentLoading to hide this warning
WARNING: If a serviceability tool is not in use, please run with -Djdk.instrument.traceUsage for more information
WARNING: Dynamic loading of agents will be disallowed by default in a future release
]]></system-err>
</testsuite>
